<?xml version="1.0" encoding="utf-8"?><testsuites name="pytest tests"><testsuite name="pytest" errors="0" failures="0" skipped="0" tests="29" time="2.711" timestamp="2026-05-04T10:30:06.386659+00:00" hostname="agent-env-c329bed4-01e0-4460-9c56-dd8f74cb2a7f"><testcase classname="backend.tests.test_hisab.TestHealth" name="test_customers_list_returns_200" time="0.234" /><testcase classname="backend.tests.test_hisab.TestCustomerCRUD" name="test_create_customer" time="0.091" /><testcase classname="backend.tests.test_hisab.TestCustomerCRUD" name="test_list_customers_has_expected_fields" time="0.089" /><testcase classname="backend.tests.test_hisab.TestCustomerCRUD" name="test_update_customer" time="0.085" /><testcase classname="backend.tests.test_hisab.TestCustomerCRUD" name="test_get_single_customer_new_endpoint" time="0.045" /><testcase classname="backend.tests.test_hisab.TestCustomerCRUD" name="test_get_single_customer_invalid_id" time="0.045" /><testcase classname="backend.tests.test_hisab.TestPagesCRUD" name="test_list_pages" time="0.090" /><testcase classname="backend.tests.test_hisab.TestPagesCRUD" name="test_get_single_page" time="0.044" /><testcase classname="backend.tests.test_hisab.TestPagesCRUD" name="test_create_page_and_delete" time="0.171" /><testcase classname="backend.tests.test_hisab.TestPagesCRUD" name="test_update_page_date" time="0.086" /><testcase classname="backend.tests.test_hisab.TestEntriesCRUD" name="test_create_bill_entry" time="0.090" /><testcase classname="backend.tests.test_hisab.TestEntriesCRUD" name="test_create_item_entry" time="0.128" /><testcase classname="backend.tests.test_hisab.TestEntriesCRUD" name="test_create_money_received_entry" time="0.125" /><testcase classname="backend.tests.test_hisab.TestEntriesCRUD" name="test_create_note_entry" time="0.087" /><testcase classname="backend.tests.test_hisab.TestEntriesCRUD" name="test_get_entries_for_page" time="0.046" /><testcase classname="backend.tests.test_hisab.TestEntriesCRUD" name="test_delete_entry" time="0.138" /><testcase classname="backend.tests.test_hisab.TestEntriesCRUD" name="test_update_entry" time="0.132" /><testcase classname="backend.tests.test_hisab.TestAllPages" name="test_all_pages_returns_200" time="0.065" /><testcase classname="backend.tests.test_hisab.TestAllPages" name="test_all_pages_has_customer_name" time="0.047" /><testcase classname="backend.tests.test_hisab.TestAllPages" name="test_all_pages_sorted_by_date_desc" time="0.046" /><testcase classname="backend.tests.test_hisab.TestAllPages" name="test_all_pages_pagination" time="0.044" /><testcase classname="backend.tests.test_hisab.TestCustomerDetailTabs" name="test_summary_endpoint" time="0.043" /><testcase classname="backend.tests.test_hisab.TestCustomerDetailTabs" name="test_pending_bills_endpoint" time="0.044" /><testcase classname="backend.tests.test_hisab.TestCustomerDetailTabs" name="test_pending_prices_endpoint" time="0.044" /><testcase classname="backend.tests.test_hisab.TestCustomerDetailTabs" name="test_item_prices_endpoint" time="0.044" /><testcase classname="backend.tests.test_hisab.TestCustomerDetailTabs" name="test_item_names_endpoint" time="0.045" /><testcase classname="backend.tests.test_hisab.TestCustomerDetailTabs" name="test_settled_pages_endpoint" time="0.044" /><testcase classname="backend.tests.test_hisab.TestFillEntry" name="test_fill_bill_amount" time="0.132" /><testcase classname="backend.tests.test_hisab.TestFillEntry" name="test_fill_item_price" time="0.216" /></testsuite></testsuites>