<?xml version="1.0" encoding="utf-8"?><testsuites name="pytest tests"><testsuite name="pytest" errors="0" failures="0" skipped="0" tests="30" time="4.739" timestamp="2026-05-03T12:26:49.622773+00:00" hostname="agent-env-65cfbad7-e368-4ac1-8f12-eb5bf116cbcc"><testcase classname="backend.tests.test_hisab.TestCustomers" name="test_create_customer" time="0.202" /><testcase classname="backend.tests.test_hisab.TestCustomers" name="test_list_customers" time="0.177" /><testcase classname="backend.tests.test_hisab.TestCustomers" name="test_customer_has_balance_fields" time="0.144" /><testcase classname="backend.tests.test_hisab.TestCustomers" name="test_update_customer" time="0.141" /><testcase classname="backend.tests.test_hisab.TestCustomers" name="test_delete_customer" time="0.153" /><testcase classname="backend.tests.test_hisab.TestPagesAndEntries" name="test_create_page" time="0.229" /><testcase classname="backend.tests.test_hisab.TestPagesAndEntries" name="test_list_pages" time="0.159" /><testcase classname="backend.tests.test_hisab.TestPagesAndEntries" name="test_get_page" time="0.167" /><testcase classname="backend.tests.test_hisab.TestPagesAndEntries" name="test_add_bill_with_amount" time="0.103" /><testcase classname="backend.tests.test_hisab.TestPagesAndEntries" name="test_add_bill_without_amount" time="0.137" /><testcase classname="backend.tests.test_hisab.TestPagesAndEntries" name="test_add_item_with_price" time="0.104" /><testcase classname="backend.tests.test_hisab.TestPagesAndEntries" name="test_add_item_without_price" time="0.099" /><testcase classname="backend.tests.test_hisab.TestPagesAndEntries" name="test_add_money_received" time="0.105" /><testcase classname="backend.tests.test_hisab.TestPagesAndEntries" name="test_add_money_given" time="0.143" /><testcase classname="backend.tests.test_hisab.TestPagesAndEntries" name="test_add_note" time="0.107" /><testcase classname="backend.tests.test_hisab.TestPagesAndEntries" name="test_get_entries" time="0.097" /><testcase classname="backend.tests.test_hisab.TestPagesAndEntries" name="test_update_entry" time="0.233" /><testcase classname="backend.tests.test_hisab.TestPagesAndEntries" name="test_delete_entry" time="0.382" /><testcase classname="backend.tests.test_hisab.TestPagesAndEntries" name="test_balance_calculation" time="0.101" /><testcase classname="backend.tests.test_hisab.TestPagesAndEntries" name="test_summary" time="0.122" /><testcase classname="backend.tests.test_hisab.TestPagesAndEntries" name="test_pending_bills" time="0.103" /><testcase classname="backend.tests.test_hisab.TestPagesAndEntries" name="test_pending_prices" time="0.102" /><testcase classname="backend.tests.test_hisab.TestPagesAndEntries" name="test_fill_bill_amount" time="0.311" /><testcase classname="backend.tests.test_hisab.TestPagesAndEntries" name="test_fill_item_price" time="0.112" /><testcase classname="backend.tests.test_hisab.TestPagesAndEntries" name="test_item_names" time="0.104" /><testcase classname="backend.tests.test_hisab.TestPagesAndEntries" name="test_item_prices_memory" time="0.099" /><testcase classname="backend.tests.test_hisab.TestPagesAndEntries" name="test_settle_page" time="0.202" /><testcase classname="backend.tests.test_hisab.TestPagesAndEntries" name="test_settled_not_in_active" time="0.091" /><testcase classname="backend.tests.test_hisab.TestPagesAndEntries" name="test_unsettle_page" time="0.202" /><testcase classname="backend.tests.test_hisab.TestPagesAndEntries" name="test_delete_page" time="0.218" /></testsuite></testsuites>